;  LST file generated by mikroListExporter - v.2.0 
; Date/Time: 30/12/2022 20:30:06
;----------------------------------------------

;Address Opcode 	ASM
0x0000	0x2991      	GOTO       401
_Delay_1us:
;__Lib_Delays.c,7 :: 		void Delay_1us() {
;__Lib_Delays.c,8 :: 		Delay_us(1);
0x0003	0x0000      	NOP
;__Lib_Delays.c,9 :: 		}
L_end_Delay_1us:
0x0004	0x0008      	RETURN
; end of _Delay_1us
__Lib_SoftI2C_PutZerosToLATSda:
;__Lib_SoftI2C.c,28 :: 		
;__Lib_SoftI2C.c,36 :: 		
0x0005	0x3005      	MOVLW      Soft_I2C_Sda
;__Lib_SoftI2C.c,37 :: 		
0x0006	0x0084      	MOVWF      FSR
;__Lib_SoftI2C.c,38 :: 		
0x0007	0x0800      	MOVF       INDF, 0
;__Lib_SoftI2C.c,39 :: 		
0x0008	0x0800      	MOVF       INDF, 0
0x0009	0x1283      	BCF        STATUS, 5
0x000A	0x00D0      	MOVWF      R0
;__Lib_SoftI2C.c,41 :: 		
0x000B	0x10D0      	BCF        R0, BitPos(Soft_I2C_Sda+0)
;__Lib_SoftI2C.c,43 :: 		
0x000C	0x0850      	MOVF       R0, 0
0x000D	0x0080      	MOVWF      INDF
;__Lib_SoftI2C.c,44 :: 		
L_end_PutZerosToLATSda:
0x000E	0x0008      	RETURN
; end of __Lib_SoftI2C_PutZerosToLATSda
__Lib_SoftI2C_PutZerosToLATScl:
;__Lib_SoftI2C.c,45 :: 		
;__Lib_SoftI2C.c,53 :: 		
0x000F	0x3005      	MOVLW      Soft_I2C_Scl
;__Lib_SoftI2C.c,54 :: 		
0x0010	0x0084      	MOVWF      FSR
;__Lib_SoftI2C.c,55 :: 		
0x0011	0x0800      	MOVF       INDF, 0
;__Lib_SoftI2C.c,56 :: 		
0x0012	0x0800      	MOVF       INDF, 0
0x0013	0x1283      	BCF        STATUS, 5
0x0014	0x00D0      	MOVWF      R0
;__Lib_SoftI2C.c,59 :: 		
0x0015	0x1050      	BCF        R0, BitPos(Soft_I2C_Scl+0)
;__Lib_SoftI2C.c,61 :: 		
0x0016	0x0850      	MOVF       R0, 0
0x0017	0x0080      	MOVWF      INDF
;__Lib_SoftI2C.c,62 :: 		
L_end_PutZerosToLATScl:
0x0018	0x0008      	RETURN
; end of __Lib_SoftI2C_PutZerosToLATScl
_Soft_I2C_Stop:
;__Lib_SoftI2C.c,168 :: 		
;__Lib_SoftI2C.c,170 :: 		
0x0019	0x2005      	CALL       __Lib_SoftI2C_PutZerosToLATSda
;__Lib_SoftI2C.c,171 :: 		
0x001A	0x1683      	BSF        STATUS, 5
0x001B	0x1085      	BCF        Soft_I2C_Sda_Direction, BitPos(Soft_I2C_Sda_Direction+0)
;__Lib_SoftI2C.c,173 :: 		
0x001C	0x2003      	CALL       _Delay_1us
0x001D	0x2003      	CALL       _Delay_1us
;__Lib_SoftI2C.c,175 :: 		
0x001E	0x1405      	BSF        Soft_I2C_Scl_Direction, BitPos(Soft_I2C_Scl_Direction+0)
;__Lib_SoftI2C.c,177 :: 		
0x001F	0x1025      	BCF        __Lib_SoftI2C___StopWaiting, BitPos(__Lib_SoftI2C___StopWaiting+0)
;__Lib_SoftI2C.c,178 :: 		
L_Soft_I2C_Stop13:
0x0020	0x1283      	BCF        STATUS, 5
0x0021	0x1805      	BTFSC      Soft_I2C_Scl, BitPos(Soft_I2C_Scl+0)
0x0022	0x2827      	GOTO       L_Soft_I2C_Stop14
;__Lib_SoftI2C.c,179 :: 		
0x0023	0x1C25      	BTFSS      __Lib_SoftI2C___StopWaiting, BitPos(__Lib_SoftI2C___StopWaiting+0)
0x0024	0x2826      	GOTO       L_Soft_I2C_Stop15
;__Lib_SoftI2C.c,180 :: 		
0x0025	0x2827      	GOTO       L_Soft_I2C_Stop14
L_Soft_I2C_Stop15:
0x0026	0x2820      	GOTO       L_Soft_I2C_Stop13
L_Soft_I2C_Stop14:
;__Lib_SoftI2C.c,182 :: 		
0x0027	0x2003      	CALL       _Delay_1us
0x0028	0x2003      	CALL       _Delay_1us
;__Lib_SoftI2C.c,183 :: 		
0x0029	0x2003      	CALL       _Delay_1us
0x002A	0x2003      	CALL       _Delay_1us
;__Lib_SoftI2C.c,184 :: 		
0x002B	0x2003      	CALL       _Delay_1us
0x002C	0x2003      	CALL       _Delay_1us
;__Lib_SoftI2C.c,185 :: 		
0x002D	0x2003      	CALL       _Delay_1us
0x002E	0x2003      	CALL       _Delay_1us
;__Lib_SoftI2C.c,187 :: 		
0x002F	0x1683      	BSF        STATUS, 5
0x0030	0x1485      	BSF        Soft_I2C_Sda_Direction, BitPos(Soft_I2C_Sda_Direction+0)
;__Lib_SoftI2C.c,189 :: 		
0x0031	0x2003      	CALL       _Delay_1us
0x0032	0x2003      	CALL       _Delay_1us
;__Lib_SoftI2C.c,190 :: 		
L_end_Soft_I2C_Stop:
0x0033	0x0008      	RETURN
; end of _Soft_I2C_Stop
_Soft_I2C_Write:
;__Lib_SoftI2C.c,194 :: 		
;__Lib_SoftI2C.c,195 :: 		
0x0034	0x3001      	MOVLW      1
0x0035	0x1283      	BCF        STATUS, 5
0x0036	0x00AE      	MOVWF      Soft_I2C_Write_result_L0
0x0037	0x3000      	MOVLW      0
0x0038	0x00AF      	MOVWF      Soft_I2C_Write_result_L0+1
;__Lib_SoftI2C.c,197 :: 		
0x0039	0x3080      	MOVLW      128
0x003A	0x00AC      	MOVWF      Soft_I2C_Write_temp_L0
0x003B	0x01AD      	CLRF       Soft_I2C_Write_temp_L0+1
;__Lib_SoftI2C.c,199 :: 		
L_Soft_I2C_Write16:
0x003C	0x082C      	MOVF       Soft_I2C_Write_temp_L0, 0
0x003D	0x042D      	IORWF      Soft_I2C_Write_temp_L0+1, 0
0x003E	0x1903      	BTFSC      STATUS, 2
0x003F	0x2867      	GOTO       L_Soft_I2C_Write17
;__Lib_SoftI2C.c,200 :: 		
0x0040	0x2003      	CALL       _Delay_1us
0x0041	0x2003      	CALL       _Delay_1us
;__Lib_SoftI2C.c,201 :: 		
0x0042	0x2003      	CALL       _Delay_1us
0x0043	0x2003      	CALL       _Delay_1us
;__Lib_SoftI2C.c,203 :: 		
0x0044	0x200F      	CALL       __Lib_SoftI2C_PutZerosToLATScl
;__Lib_SoftI2C.c,204 :: 		
0x0045	0x1683      	BSF        STATUS, 5
0x0046	0x1005      	BCF        Soft_I2C_Scl_Direction, BitPos(Soft_I2C_Scl_Direction+0)
;__Lib_SoftI2C.c,206 :: 		
0x0047	0x2003      	CALL       _Delay_1us
0x0048	0x2003      	CALL       _Delay_1us
;__Lib_SoftI2C.c,208 :: 		
0x0049	0x082C      	MOVF       Soft_I2C_Write_temp_L0, 0
0x004A	0x052B      	ANDWF      FARG_Soft_I2C_Write_data_, 0
0x004B	0x00D0      	MOVWF      R0
0x004C	0x3000      	MOVLW      0
0x004D	0x052D      	ANDWF      Soft_I2C_Write_temp_L0+1, 0
0x004E	0x00D1      	MOVWF      R0+1
0x004F	0x0850      	MOVF       R0, 0
0x0050	0x0451      	IORWF      R0+1, 0
0x0051	0x1903      	BTFSC      STATUS, 2
0x0052	0x2855      	GOTO       L_Soft_I2C_Write18
;__Lib_SoftI2C.c,209 :: 		
0x0053	0x1485      	BSF        Soft_I2C_Sda_Direction, BitPos(Soft_I2C_Sda_Direction+0)
;__Lib_SoftI2C.c,210 :: 		
0x0054	0x2858      	GOTO       L_Soft_I2C_Write19
L_Soft_I2C_Write18:
;__Lib_SoftI2C.c,212 :: 		
0x0055	0x2005      	CALL       __Lib_SoftI2C_PutZerosToLATSda
;__Lib_SoftI2C.c,213 :: 		
0x0056	0x1683      	BSF        STATUS, 5
0x0057	0x1085      	BCF        Soft_I2C_Sda_Direction, BitPos(Soft_I2C_Sda_Direction+0)
;__Lib_SoftI2C.c,214 :: 		
L_Soft_I2C_Write19:
;__Lib_SoftI2C.c,216 :: 		
0x0058	0x2003      	CALL       _Delay_1us
0x0059	0x2003      	CALL       _Delay_1us
;__Lib_SoftI2C.c,218 :: 		
0x005A	0x1405      	BSF        Soft_I2C_Scl_Direction, BitPos(Soft_I2C_Scl_Direction+0)
;__Lib_SoftI2C.c,220 :: 		
0x005B	0x1025      	BCF        __Lib_SoftI2C___StopWaiting, BitPos(__Lib_SoftI2C___StopWaiting+0)
;__Lib_SoftI2C.c,221 :: 		
L_Soft_I2C_Write20:
0x005C	0x1283      	BCF        STATUS, 5
0x005D	0x1805      	BTFSC      Soft_I2C_Scl, BitPos(Soft_I2C_Scl+0)
0x005E	0x2863      	GOTO       L_Soft_I2C_Write21
;__Lib_SoftI2C.c,222 :: 		
0x005F	0x1C25      	BTFSS      __Lib_SoftI2C___StopWaiting, BitPos(__Lib_SoftI2C___StopWaiting+0)
0x0060	0x2862      	GOTO       L_Soft_I2C_Write22
;__Lib_SoftI2C.c,223 :: 		
0x0061	0x2863      	GOTO       L_Soft_I2C_Write21
L_Soft_I2C_Write22:
0x0062	0x285C      	GOTO       L_Soft_I2C_Write20
L_Soft_I2C_Write21:
;__Lib_SoftI2C.c,225 :: 		
0x0063	0x0CAD      	RRF        Soft_I2C_Write_temp_L0+1, 1
0x0064	0x0CAC      	RRF        Soft_I2C_Write_temp_L0, 1
0x0065	0x13AD      	BCF        Soft_I2C_Write_temp_L0+1, 7
;__Lib_SoftI2C.c,226 :: 		
0x0066	0x283C      	GOTO       L_Soft_I2C_Write16
L_Soft_I2C_Write17:
;__Lib_SoftI2C.c,228 :: 		
0x0067	0x01AE      	CLRF       Soft_I2C_Write_result_L0
0x0068	0x01AF      	CLRF       Soft_I2C_Write_result_L0+1
;__Lib_SoftI2C.c,230 :: 		
0x0069	0x2003      	CALL       _Delay_1us
0x006A	0x2003      	CALL       _Delay_1us
;__Lib_SoftI2C.c,232 :: 		
0x006B	0x200F      	CALL       __Lib_SoftI2C_PutZerosToLATScl
;__Lib_SoftI2C.c,233 :: 		
0x006C	0x1683      	BSF        STATUS, 5
0x006D	0x1005      	BCF        Soft_I2C_Scl_Direction, BitPos(Soft_I2C_Scl_Direction+0)
;__Lib_SoftI2C.c,235 :: 		
0x006E	0x2003      	CALL       _Delay_1us
0x006F	0x2003      	CALL       _Delay_1us
;__Lib_SoftI2C.c,237 :: 		
0x0070	0x1485      	BSF        Soft_I2C_Sda_Direction, BitPos(Soft_I2C_Sda_Direction+0)
;__Lib_SoftI2C.c,239 :: 		
0x0071	0x2003      	CALL       _Delay_1us
0x0072	0x2003      	CALL       _Delay_1us
;__Lib_SoftI2C.c,240 :: 		
0x0073	0x2003      	CALL       _Delay_1us
0x0074	0x2003      	CALL       _Delay_1us
;__Lib_SoftI2C.c,242 :: 		
0x0075	0x1405      	BSF        Soft_I2C_Scl_Direction, BitPos(Soft_I2C_Scl_Direction+0)
;__Lib_SoftI2C.c,244 :: 		
0x0076	0x1025      	BCF        __Lib_SoftI2C___StopWaiting, BitPos(__Lib_SoftI2C___StopWaiting+0)
;__Lib_SoftI2C.c,245 :: 		
L_Soft_I2C_Write23:
0x0077	0x1283      	BCF        STATUS, 5
0x0078	0x1805      	BTFSC      Soft_I2C_Scl, BitPos(Soft_I2C_Scl+0)
0x0079	0x287E      	GOTO       L_Soft_I2C_Write24
;__Lib_SoftI2C.c,246 :: 		
0x007A	0x1C25      	BTFSS      __Lib_SoftI2C___StopWaiting, BitPos(__Lib_SoftI2C___StopWaiting+0)
0x007B	0x287D      	GOTO       L_Soft_I2C_Write25
;__Lib_SoftI2C.c,247 :: 		
0x007C	0x287E      	GOTO       L_Soft_I2C_Write24
L_Soft_I2C_Write25:
0x007D	0x2877      	GOTO       L_Soft_I2C_Write23
L_Soft_I2C_Write24:
0x007E	0x1283      	BCF        STATUS, 5
;__Lib_SoftI2C.c,249 :: 		
0x007F	0x01AE      	CLRF       Soft_I2C_Write_result_L0
0x0080	0x01AF      	CLRF       Soft_I2C_Write_result_L0+1
;__Lib_SoftI2C.c,251 :: 		
0x0081	0x2003      	CALL       _Delay_1us
0x0082	0x2003      	CALL       _Delay_1us
;__Lib_SoftI2C.c,253 :: 		
0x0083	0x1C85      	BTFSS      Soft_I2C_Sda, BitPos(Soft_I2C_Sda+0)
0x0084	0x2886      	GOTO       L_Soft_I2C_Write26
;__Lib_SoftI2C.c,254 :: 		
0x0085	0x142E      	BSF        Soft_I2C_Write_result_L0, 0
L_Soft_I2C_Write26:
;__Lib_SoftI2C.c,256 :: 		
0x0086	0x2003      	CALL       _Delay_1us
0x0087	0x2003      	CALL       _Delay_1us
;__Lib_SoftI2C.c,257 :: 		
0x0088	0x2003      	CALL       _Delay_1us
0x0089	0x2003      	CALL       _Delay_1us
;__Lib_SoftI2C.c,258 :: 		
0x008A	0x2003      	CALL       _Delay_1us
0x008B	0x2003      	CALL       _Delay_1us
;__Lib_SoftI2C.c,259 :: 		
0x008C	0x2003      	CALL       _Delay_1us
0x008D	0x2003      	CALL       _Delay_1us
;__Lib_SoftI2C.c,260 :: 		
0x008E	0x2003      	CALL       _Delay_1us
0x008F	0x2003      	CALL       _Delay_1us
;__Lib_SoftI2C.c,261 :: 		
0x0090	0x2003      	CALL       _Delay_1us
0x0091	0x2003      	CALL       _Delay_1us
;__Lib_SoftI2C.c,262 :: 		
0x0092	0x2003      	CALL       _Delay_1us
0x0093	0x2003      	CALL       _Delay_1us
;__Lib_SoftI2C.c,263 :: 		
0x0094	0x2003      	CALL       _Delay_1us
0x0095	0x2003      	CALL       _Delay_1us
;__Lib_SoftI2C.c,265 :: 		
0x0096	0x200F      	CALL       __Lib_SoftI2C_PutZerosToLATScl
;__Lib_SoftI2C.c,266 :: 		
0x0097	0x1683      	BSF        STATUS, 5
0x0098	0x1005      	BCF        Soft_I2C_Scl_Direction, BitPos(Soft_I2C_Scl_Direction+0)
;__Lib_SoftI2C.c,267 :: 		
0x0099	0x2005      	CALL       __Lib_SoftI2C_PutZerosToLATSda
;__Lib_SoftI2C.c,268 :: 		
0x009A	0x1683      	BSF        STATUS, 5
0x009B	0x1085      	BCF        Soft_I2C_Sda_Direction, BitPos(Soft_I2C_Sda_Direction+0)
;__Lib_SoftI2C.c,270 :: 		
0x009C	0x082E      	MOVF       Soft_I2C_Write_result_L0, 0
0x009D	0x00D0      	MOVWF      R0
;__Lib_SoftI2C.c,271 :: 		
L_end_Soft_I2C_Write:
0x009E	0x0008      	RETURN
; end of _Soft_I2C_Write
_Soft_I2C_Start:
;__Lib_SoftI2C.c,147 :: 		
;__Lib_SoftI2C.c,148 :: 		
0x009F	0x1683      	BSF        STATUS, 5
0x00A0	0x1485      	BSF        Soft_I2C_Sda_Direction, BitPos(Soft_I2C_Sda_Direction+0)
;__Lib_SoftI2C.c,150 :: 		
0x00A1	0x2003      	CALL       _Delay_1us
0x00A2	0x2003      	CALL       _Delay_1us
;__Lib_SoftI2C.c,152 :: 		
0x00A3	0x1405      	BSF        Soft_I2C_Scl_Direction, BitPos(Soft_I2C_Scl_Direction+0)
;__Lib_SoftI2C.c,154 :: 		
0x00A4	0x2003      	CALL       _Delay_1us
0x00A5	0x2003      	CALL       _Delay_1us
;__Lib_SoftI2C.c,156 :: 		
0x00A6	0x2005      	CALL       __Lib_SoftI2C_PutZerosToLATSda
;__Lib_SoftI2C.c,157 :: 		
0x00A7	0x1683      	BSF        STATUS, 5
0x00A8	0x1085      	BCF        Soft_I2C_Sda_Direction, BitPos(Soft_I2C_Sda_Direction+0)
;__Lib_SoftI2C.c,159 :: 		
0x00A9	0x2003      	CALL       _Delay_1us
0x00AA	0x2003      	CALL       _Delay_1us
;__Lib_SoftI2C.c,161 :: 		
0x00AB	0x200F      	CALL       __Lib_SoftI2C_PutZerosToLATScl
;__Lib_SoftI2C.c,162 :: 		
0x00AC	0x1683      	BSF        STATUS, 5
0x00AD	0x1005      	BCF        Soft_I2C_Scl_Direction, BitPos(Soft_I2C_Scl_Direction+0)
;__Lib_SoftI2C.c,165 :: 		
L_end_Soft_I2C_Start:
0x00AE	0x0008      	RETURN
; end of _Soft_I2C_Start
_ssd1306_command:
;MyProject.c,189 :: 		void ssd1306_command(uint8_t c) {
;MyProject.c,190 :: 		uint8_t control = 0x00;   // Co = 0, D/C = 0
0x00AF	0x1283      	BCF        STATUS, 5
0x00B0	0x01AA      	CLRF       ssd1306_command_control_L0
;MyProject.c,191 :: 		SSD1306_Start();
0x00B1	0x209F      	CALL       _Soft_I2C_Start
;MyProject.c,192 :: 		SSD1306_Write(_i2caddr);
0x00B2	0x0824      	MOVF       __i2caddr, 0
0x00B3	0x00AB      	MOVWF      FARG_Soft_I2C_Write_data_
0x00B4	0x2034      	CALL       _Soft_I2C_Write
;MyProject.c,193 :: 		SSD1306_Write(control);
0x00B5	0x082A      	MOVF       ssd1306_command_control_L0, 0
0x00B6	0x00AB      	MOVWF      FARG_Soft_I2C_Write_data_
0x00B7	0x2034      	CALL       _Soft_I2C_Write
;MyProject.c,194 :: 		SSD1306_Write(c);
0x00B8	0x0829      	MOVF       FARG_ssd1306_command_c, 0
0x00B9	0x00AB      	MOVWF      FARG_Soft_I2C_Write_data_
0x00BA	0x2034      	CALL       _Soft_I2C_Write
;MyProject.c,195 :: 		SSD1306_Stop();
0x00BB	0x2019      	CALL       _Soft_I2C_Stop
;MyProject.c,196 :: 		}
L_end_ssd1306_command:
0x00BC	0x0008      	RETURN
; end of _ssd1306_command
_____DoICP:
;__Lib_System.c,6 :: 		
;__Lib_System.c,9 :: 		
0x00BD	0x1283      	BCF        STATUS, 5
0x00BE	0x0823      	MOVF       ___DoICPAddr+1, 0
0x00BF	0x008A      	MOVWF      PCLATH
;__Lib_System.c,10 :: 		
0x00C0	0x0822      	MOVF       ___DoICPAddr, 0
0x00C1	0x0082      	MOVWF      PCL
;__Lib_System.c,12 :: 		
L_end_____DoICP:
0x00C2	0x0008      	RETURN
; end of _____DoICP
_SSD1306_GotoXY:
;MyProject.c,343 :: 		void SSD1306_GotoXY(uint8_t x, uint8_t y) {
;MyProject.c,344 :: 		if((x > SSD1306_LCDWIDTH / 6) || y > SSD1306_LCDHEIGHT / 8)
0x00C3	0x3080      	MOVLW      128
0x00C4	0x3A00      	XORLW      0
0x00C5	0x1283      	BCF        STATUS, 5
0x00C6	0x00D0      	MOVWF      R0
0x00C7	0x3080      	MOVLW      128
0x00C8	0x0250      	SUBWF      R0, 0
0x00C9	0x1D03      	BTFSS      STATUS, 2
0x00CA	0x28CD      	GOTO       L__SSD1306_GotoXY42
0x00CB	0x0827      	MOVF       FARG_SSD1306_GotoXY_x, 0
0x00CC	0x3C15      	SUBLW      21
L__SSD1306_GotoXY42:
0x00CD	0x1C03      	BTFSS      STATUS, 0
0x00CE	0x28D4      	GOTO       L__SSD1306_GotoXY28
0x00CF	0x0828      	MOVF       FARG_SSD1306_GotoXY_y, 0
0x00D0	0x3C08      	SUBLW      8
0x00D1	0x1C03      	BTFSS      STATUS, 0
0x00D2	0x28D4      	GOTO       L__SSD1306_GotoXY28
0x00D3	0x28D5      	GOTO       L_SSD1306_GotoXY14
L__SSD1306_GotoXY28:
;MyProject.c,345 :: 		return;
0x00D4	0x28D9      	GOTO       L_end_SSD1306_GotoXY
L_SSD1306_GotoXY14:
;MyProject.c,346 :: 		x_pos = x;
0x00D5	0x0827      	MOVF       FARG_SSD1306_GotoXY_x, 0
0x00D6	0x00A0      	MOVWF      _x_pos
;MyProject.c,347 :: 		y_pos = y;
0x00D7	0x0828      	MOVF       FARG_SSD1306_GotoXY_y, 0
0x00D8	0x00A1      	MOVWF      _y_pos
;MyProject.c,348 :: 		}
L_end_SSD1306_GotoXY:
0x00D9	0x0008      	RETURN
; end of _SSD1306_GotoXY
_SSD1306_InvertDisplay:
;MyProject.c,336 :: 		void SSD1306_InvertDisplay(uint8_t i) {
;MyProject.c,337 :: 		if (i & 1)
0x00DA	0x1283      	BCF        STATUS, 5
0x00DB	0x1C27      	BTFSS      FARG_SSD1306_InvertDisplay_i, 0
0x00DC	0x28E1      	GOTO       L_SSD1306_InvertDisplay10
;MyProject.c,338 :: 		ssd1306_command(SSD1306_INVERTDISPLAY_);
0x00DD	0x30A7      	MOVLW      167
0x00DE	0x00A9      	MOVWF      FARG_ssd1306_command_c
0x00DF	0x20AF      	CALL       _ssd1306_command
0x00E0	0x28E4      	GOTO       L_SSD1306_InvertDisplay11
L_SSD1306_InvertDisplay10:
;MyProject.c,340 :: 		ssd1306_command(SSD1306_NORMALDISPLAY);
0x00E1	0x30A6      	MOVLW      166
0x00E2	0x00A9      	MOVWF      FARG_ssd1306_command_c
0x00E3	0x20AF      	CALL       _ssd1306_command
L_SSD1306_InvertDisplay11:
;MyProject.c,341 :: 		}
L_end_SSD1306_InvertDisplay:
0x00E4	0x0008      	RETURN
; end of _SSD1306_InvertDisplay
_SSD1306_Init:
;MyProject.c,198 :: 		void SSD1306_Init(uint8_t vccstate, uint8_t i2caddr) {
;MyProject.c,199 :: 		_vccstate = vccstate;
0x00E5	0x1283      	BCF        STATUS, 5
0x00E6	0x0827      	MOVF       FARG_SSD1306_Init_vccstate, 0
0x00E7	0x00A6      	MOVWF      __vccstate
;MyProject.c,200 :: 		_i2caddr  = i2caddr;
0x00E8	0x0828      	MOVF       FARG_SSD1306_Init_i2caddr, 0
0x00E9	0x00A4      	MOVWF      __i2caddr
;MyProject.c,203 :: 		ssd1306_command(SSD1306_DISPLAYOFF);                    // 0xAE
0x00EA	0x30AE      	MOVLW      174
0x00EB	0x00A9      	MOVWF      FARG_ssd1306_command_c
0x00EC	0x20AF      	CALL       _ssd1306_command
;MyProject.c,204 :: 		ssd1306_command(SSD1306_SETDISPLAYCLOCKDIV);            // 0xD5
0x00ED	0x30D5      	MOVLW      213
0x00EE	0x00A9      	MOVWF      FARG_ssd1306_command_c
0x00EF	0x20AF      	CALL       _ssd1306_command
;MyProject.c,205 :: 		ssd1306_command(0x80);                                  // the suggested ratio 0x80
0x00F0	0x3080      	MOVLW      128
0x00F1	0x00A9      	MOVWF      FARG_ssd1306_command_c
0x00F2	0x20AF      	CALL       _ssd1306_command
;MyProject.c,207 :: 		ssd1306_command(SSD1306_SETMULTIPLEX);                  // 0xA8
0x00F3	0x30A8      	MOVLW      168
0x00F4	0x00A9      	MOVWF      FARG_ssd1306_command_c
0x00F5	0x20AF      	CALL       _ssd1306_command
;MyProject.c,208 :: 		ssd1306_command(SSD1306_LCDHEIGHT - 1);
0x00F6	0x303F      	MOVLW      63
0x00F7	0x00A9      	MOVWF      FARG_ssd1306_command_c
0x00F8	0x20AF      	CALL       _ssd1306_command
;MyProject.c,210 :: 		ssd1306_command(SSD1306_SETDISPLAYOFFSET);              // 0xD3
0x00F9	0x30D3      	MOVLW      211
0x00FA	0x00A9      	MOVWF      FARG_ssd1306_command_c
0x00FB	0x20AF      	CALL       _ssd1306_command
;MyProject.c,211 :: 		ssd1306_command(0x0);                                   // no offset
0x00FC	0x01A9      	CLRF       FARG_ssd1306_command_c
0x00FD	0x20AF      	CALL       _ssd1306_command
;MyProject.c,212 :: 		ssd1306_command(SSD1306_SETSTARTLINE | 0x0);            // line #0
0x00FE	0x3040      	MOVLW      64
0x00FF	0x00A9      	MOVWF      FARG_ssd1306_command_c
0x0100	0x20AF      	CALL       _ssd1306_command
;MyProject.c,213 :: 		ssd1306_command(SSD1306_CHARGEPUMP);                    // 0x8D
0x0101	0x308D      	MOVLW      141
0x0102	0x00A9      	MOVWF      FARG_ssd1306_command_c
0x0103	0x20AF      	CALL       _ssd1306_command
;MyProject.c,214 :: 		if (vccstate == SSD1306_EXTERNALVCC)
0x0104	0x0827      	MOVF       FARG_SSD1306_Init_vccstate, 0
0x0105	0x3A01      	XORLW      1
0x0106	0x1D03      	BTFSS      STATUS, 2
0x0107	0x290C      	GOTO       L_SSD1306_Init0
;MyProject.c,215 :: 		{ ssd1306_command(0x10); }
0x0108	0x3010      	MOVLW      16
0x0109	0x00A9      	MOVWF      FARG_ssd1306_command_c
0x010A	0x20AF      	CALL       _ssd1306_command
0x010B	0x290F      	GOTO       L_SSD1306_Init1
L_SSD1306_Init0:
;MyProject.c,217 :: 		{ ssd1306_command(0x14); }
0x010C	0x3014      	MOVLW      20
0x010D	0x00A9      	MOVWF      FARG_ssd1306_command_c
0x010E	0x20AF      	CALL       _ssd1306_command
L_SSD1306_Init1:
;MyProject.c,218 :: 		ssd1306_command(SSD1306_MEMORYMODE);                    // 0x20
0x010F	0x3020      	MOVLW      32
0x0110	0x00A9      	MOVWF      FARG_ssd1306_command_c
0x0111	0x20AF      	CALL       _ssd1306_command
;MyProject.c,219 :: 		ssd1306_command(0x00);                                  // 0x0 act like ks0108
0x0112	0x01A9      	CLRF       FARG_ssd1306_command_c
0x0113	0x20AF      	CALL       _ssd1306_command
;MyProject.c,220 :: 		ssd1306_command(SSD1306_SEGREMAP | 0x1);
0x0114	0x30A1      	MOVLW      161
0x0115	0x00A9      	MOVWF      FARG_ssd1306_command_c
0x0116	0x20AF      	CALL       _ssd1306_command
;MyProject.c,221 :: 		ssd1306_command(SSD1306_COMSCANDEC);
0x0117	0x30C8      	MOVLW      200
0x0118	0x00A9      	MOVWF      FARG_ssd1306_command_c
0x0119	0x20AF      	CALL       _ssd1306_command
;MyProject.c,230 :: 		ssd1306_command(SSD1306_SETCOMPINS);                    // 0xDA
0x011A	0x30DA      	MOVLW      218
0x011B	0x00A9      	MOVWF      FARG_ssd1306_command_c
0x011C	0x20AF      	CALL       _ssd1306_command
;MyProject.c,231 :: 		ssd1306_command(0x12);
0x011D	0x3012      	MOVLW      18
0x011E	0x00A9      	MOVWF      FARG_ssd1306_command_c
0x011F	0x20AF      	CALL       _ssd1306_command
;MyProject.c,232 :: 		ssd1306_command(SSD1306_SETCONTRAST);                   // 0x81
0x0120	0x3081      	MOVLW      129
0x0121	0x00A9      	MOVWF      FARG_ssd1306_command_c
0x0122	0x20AF      	CALL       _ssd1306_command
;MyProject.c,233 :: 		if (vccstate == SSD1306_EXTERNALVCC)
0x0123	0x0827      	MOVF       FARG_SSD1306_Init_vccstate, 0
0x0124	0x3A01      	XORLW      1
0x0125	0x1D03      	BTFSS      STATUS, 2
0x0126	0x292B      	GOTO       L_SSD1306_Init2
;MyProject.c,234 :: 		{ ssd1306_command(0x9F); }
0x0127	0x309F      	MOVLW      159
0x0128	0x00A9      	MOVWF      FARG_ssd1306_command_c
0x0129	0x20AF      	CALL       _ssd1306_command
0x012A	0x292E      	GOTO       L_SSD1306_Init3
L_SSD1306_Init2:
;MyProject.c,236 :: 		{ ssd1306_command(0xCF); }
0x012B	0x30CF      	MOVLW      207
0x012C	0x00A9      	MOVWF      FARG_ssd1306_command_c
0x012D	0x20AF      	CALL       _ssd1306_command
L_SSD1306_Init3:
;MyProject.c,249 :: 		ssd1306_command(SSD1306_SETPRECHARGE);                  // 0xd9
0x012E	0x30D9      	MOVLW      217
0x012F	0x00A9      	MOVWF      FARG_ssd1306_command_c
0x0130	0x20AF      	CALL       _ssd1306_command
;MyProject.c,250 :: 		if (vccstate == SSD1306_EXTERNALVCC)
0x0131	0x0827      	MOVF       FARG_SSD1306_Init_vccstate, 0
0x0132	0x3A01      	XORLW      1
0x0133	0x1D03      	BTFSS      STATUS, 2
0x0134	0x2939      	GOTO       L_SSD1306_Init4
;MyProject.c,251 :: 		{ ssd1306_command(0x22); }
0x0135	0x3022      	MOVLW      34
0x0136	0x00A9      	MOVWF      FARG_ssd1306_command_c
0x0137	0x20AF      	CALL       _ssd1306_command
0x0138	0x293C      	GOTO       L_SSD1306_Init5
L_SSD1306_Init4:
;MyProject.c,253 :: 		{ ssd1306_command(0xF1); }
0x0139	0x30F1      	MOVLW      241
0x013A	0x00A9      	MOVWF      FARG_ssd1306_command_c
0x013B	0x20AF      	CALL       _ssd1306_command
L_SSD1306_Init5:
;MyProject.c,254 :: 		ssd1306_command(SSD1306_SETVCOMDETECT);                 // 0xDB
0x013C	0x30DB      	MOVLW      219
0x013D	0x00A9      	MOVWF      FARG_ssd1306_command_c
0x013E	0x20AF      	CALL       _ssd1306_command
;MyProject.c,255 :: 		ssd1306_command(0x40);
0x013F	0x3040      	MOVLW      64
0x0140	0x00A9      	MOVWF      FARG_ssd1306_command_c
0x0141	0x20AF      	CALL       _ssd1306_command
;MyProject.c,256 :: 		ssd1306_command(SSD1306_DISPLAYALLON_RESUME);           // 0xA4
0x0142	0x30A4      	MOVLW      164
0x0143	0x00A9      	MOVWF      FARG_ssd1306_command_c
0x0144	0x20AF      	CALL       _ssd1306_command
;MyProject.c,257 :: 		ssd1306_command(SSD1306_NORMALDISPLAY);                 // 0xA6
0x0145	0x30A6      	MOVLW      166
0x0146	0x00A9      	MOVWF      FARG_ssd1306_command_c
0x0147	0x20AF      	CALL       _ssd1306_command
;MyProject.c,259 :: 		ssd1306_command(SSD1306_DEACTIVATE_SCROLL);
0x0148	0x302E      	MOVLW      46
0x0149	0x00A9      	MOVWF      FARG_ssd1306_command_c
0x014A	0x20AF      	CALL       _ssd1306_command
;MyProject.c,261 :: 		ssd1306_command(SSD1306_DISPLAYON);//--turn on oled panel
0x014B	0x30AF      	MOVLW      175
0x014C	0x00A9      	MOVWF      FARG_ssd1306_command_c
0x014D	0x20AF      	CALL       _ssd1306_command
;MyProject.c,262 :: 		}
L_end_SSD1306_Init:
0x014E	0x0008      	RETURN
; end of _SSD1306_Init
_Soft_I2C_Init:
;__Lib_SoftI2C.c,69 :: 		
;__Lib_SoftI2C.c,75 :: 		
0x014F	0x1683      	BSF        STATUS, 5
0x0150	0x1405      	BSF        Soft_I2C_Scl_Direction, BitPos(Soft_I2C_Scl_Direction+0)
;__Lib_SoftI2C.c,76 :: 		
0x0151	0x1485      	BSF        Soft_I2C_Sda_Direction, BitPos(Soft_I2C_Sda_Direction+0)
;__Lib_SoftI2C.c,78 :: 		
0x0152	0x1025      	BCF        __Lib_SoftI2C___StopWaiting, BitPos(__Lib_SoftI2C___StopWaiting+0)
;__Lib_SoftI2C.c,79 :: 		
L_Soft_I2C_Init0:
0x0153	0x1283      	BCF        STATUS, 5
0x0154	0x1805      	BTFSC      Soft_I2C_Scl, BitPos(Soft_I2C_Scl+0)
0x0155	0x295A      	GOTO       L_Soft_I2C_Init1
;__Lib_SoftI2C.c,80 :: 		
0x0156	0x1C25      	BTFSS      __Lib_SoftI2C___StopWaiting, BitPos(__Lib_SoftI2C___StopWaiting+0)
0x0157	0x2959      	GOTO       L_Soft_I2C_Init2
;__Lib_SoftI2C.c,81 :: 		
0x0158	0x295A      	GOTO       L_Soft_I2C_Init1
L_Soft_I2C_Init2:
0x0159	0x2953      	GOTO       L_Soft_I2C_Init0
L_Soft_I2C_Init1:
;__Lib_SoftI2C.c,83 :: 		
L_end_Soft_I2C_Init:
0x015A	0x0008      	RETURN
; end of _Soft_I2C_Init
_SSD1306_ClearDisplay:
;MyProject.c,390 :: 		void SSD1306_ClearDisplay() {
;MyProject.c,392 :: 		ssd1306_command(SSD1306_COLUMNADDR);
0x015B	0x3021      	MOVLW      33
0x015C	0x1283      	BCF        STATUS, 5
0x015D	0x00A9      	MOVWF      FARG_ssd1306_command_c
0x015E	0x20AF      	CALL       _ssd1306_command
;MyProject.c,393 :: 		ssd1306_command(0);    // Column start address
0x015F	0x01A9      	CLRF       FARG_ssd1306_command_c
0x0160	0x20AF      	CALL       _ssd1306_command
;MyProject.c,395 :: 		ssd1306_command(127);  // Column end address
0x0161	0x307F      	MOVLW      127
0x0162	0x00A9      	MOVWF      FARG_ssd1306_command_c
0x0163	0x20AF      	CALL       _ssd1306_command
;MyProject.c,400 :: 		ssd1306_command(SSD1306_PAGEADDR);
0x0164	0x3022      	MOVLW      34
0x0165	0x00A9      	MOVWF      FARG_ssd1306_command_c
0x0166	0x20AF      	CALL       _ssd1306_command
;MyProject.c,401 :: 		ssd1306_command(0);   // Page start address (0 = reset)
0x0167	0x01A9      	CLRF       FARG_ssd1306_command_c
0x0168	0x20AF      	CALL       _ssd1306_command
;MyProject.c,403 :: 		ssd1306_command(7);   // Page end address
0x0169	0x3007      	MOVLW      7
0x016A	0x00A9      	MOVWF      FARG_ssd1306_command_c
0x016B	0x20AF      	CALL       _ssd1306_command
;MyProject.c,410 :: 		SSD1306_Start();
0x016C	0x209F      	CALL       _Soft_I2C_Start
;MyProject.c,411 :: 		SSD1306_Write(_i2caddr);
0x016D	0x0824      	MOVF       __i2caddr, 0
0x016E	0x00AB      	MOVWF      FARG_Soft_I2C_Write_data_
0x016F	0x2034      	CALL       _Soft_I2C_Write
;MyProject.c,412 :: 		SSD1306_Write(0x40);
0x0170	0x3040      	MOVLW      64
0x0171	0x00AB      	MOVWF      FARG_Soft_I2C_Write_data_
0x0172	0x2034      	CALL       _Soft_I2C_Write
;MyProject.c,414 :: 		for(i = 0; i < SSD1306_LCDHEIGHT * SSD1306_LCDWIDTH / 8; i++ )
0x0173	0x01A7      	CLRF       SSD1306_ClearDisplay_i_L0
0x0174	0x01A8      	CLRF       SSD1306_ClearDisplay_i_L0+1
L_SSD1306_ClearDisplay24:
0x0175	0x3004      	MOVLW      4
0x0176	0x0228      	SUBWF      SSD1306_ClearDisplay_i_L0+1, 0
0x0177	0x1D03      	BTFSS      STATUS, 2
0x0178	0x297B      	GOTO       L__SSD1306_ClearDisplay45
0x0179	0x3000      	MOVLW      0
0x017A	0x0227      	SUBWF      SSD1306_ClearDisplay_i_L0, 0
L__SSD1306_ClearDisplay45:
0x017B	0x1803      	BTFSC      STATUS, 0
0x017C	0x2983      	GOTO       L_SSD1306_ClearDisplay25
;MyProject.c,415 :: 		SSD1306_Write(0);
0x017D	0x01AB      	CLRF       FARG_Soft_I2C_Write_data_
0x017E	0x2034      	CALL       _Soft_I2C_Write
;MyProject.c,414 :: 		for(i = 0; i < SSD1306_LCDHEIGHT * SSD1306_LCDWIDTH / 8; i++ )
0x017F	0x0AA7      	INCF       SSD1306_ClearDisplay_i_L0, 1
0x0180	0x1903      	BTFSC      STATUS, 2
0x0181	0x0AA8      	INCF       SSD1306_ClearDisplay_i_L0+1, 1
;MyProject.c,415 :: 		SSD1306_Write(0);
0x0182	0x2975      	GOTO       L_SSD1306_ClearDisplay24
L_SSD1306_ClearDisplay25:
;MyProject.c,417 :: 		SSD1306_Stop();
0x0183	0x2019      	CALL       _Soft_I2C_Stop
;MyProject.c,419 :: 		}
L_end_SSD1306_ClearDisplay:
0x0184	0x0008      	RETURN
; end of _SSD1306_ClearDisplay
___CC2DW:
;__Lib_System.c,134 :: 		
;__Lib_System.c,137 :: 		
_CC2D_Loop1:
;__Lib_System.c,139 :: 		
0x0185	0x20BD      	CALL       _____DoICP
0x0186	0x118A      	BCF        PCLATH, 3
0x0187	0x120A      	BCF        PCLATH, 4
;__Lib_System.c,141 :: 		
0x0188	0x0080      	MOVWF      INDF
;__Lib_System.c,142 :: 		
0x0189	0x0A84      	INCF       FSR, 1
;__Lib_System.c,143 :: 		
0x018A	0x0AA2      	INCF       ___DoICPAddr, 1
;__Lib_System.c,145 :: 		
0x018B	0x1903      	BTFSC      STATUS, 2
;__Lib_System.c,146 :: 		
0x018C	0x0AA3      	INCF       ___DoICPAddr+1, 1
;__Lib_System.c,147 :: 		
0x018D	0x03D0      	DECF       R0, 1
;__Lib_System.c,149 :: 		
0x018E	0x1D03      	BTFSS      STATUS, 2
;__Lib_System.c,150 :: 		
0x018F	0x2985      	GOTO       _CC2D_Loop1
;__Lib_System.c,152 :: 		
L_end___CC2DW:
0x0190	0x0008      	RETURN
; end of ___CC2DW
_main:
0x0191	0x3001      	MOVLW      1
0x0192	0x1283      	BCF        STATUS, 5
0x0193	0x00A0      	MOVWF      _x_pos
0x0194	0x3001      	MOVLW      1
0x0195	0x00A1      	MOVWF      _y_pos
;MyProject.c,423 :: 		void main() {
;MyProject.c,425 :: 		TRISIO = 0b000100;
0x0196	0x3004      	MOVLW      4
0x0197	0x1683      	BSF        STATUS, 5
0x0198	0x0085      	MOVWF      TRISIO
;MyProject.c,426 :: 		GPIO = 0b000000;
0x0199	0x1283      	BCF        STATUS, 5
0x019A	0x0185      	CLRF       GPIO
;MyProject.c,427 :: 		CMCON = 0x07;
0x019B	0x3007      	MOVLW      7
0x019C	0x0099      	MOVWF      CMCON
;MyProject.c,428 :: 		INTCON = 0b00000000;
0x019D	0x018B      	CLRF       INTCON
;MyProject.c,429 :: 		Soft_I2C_Init();
0x019E	0x214F      	CALL       _Soft_I2C_Init
;MyProject.c,430 :: 		SSD1306_Init(SSD1306_EXTERNALVCC, SSD1306_I2C_ADDRESS);
0x019F	0x3001      	MOVLW      1
0x01A0	0x1283      	BCF        STATUS, 5
0x01A1	0x00A7      	MOVWF      FARG_SSD1306_Init_vccstate
0x01A2	0x303C      	MOVLW      60
0x01A3	0x00A8      	MOVWF      FARG_SSD1306_Init_i2caddr
0x01A4	0x20E5      	CALL       _SSD1306_Init
;MyProject.c,431 :: 		SSD1306_ClearDisplay();
0x01A5	0x215B      	CALL       _SSD1306_ClearDisplay
;MyProject.c,432 :: 		SSD1306_InvertDisplay(1);
0x01A6	0x3001      	MOVLW      1
0x01A7	0x00A7      	MOVWF      FARG_SSD1306_InvertDisplay_i
0x01A8	0x20DA      	CALL       _SSD1306_InvertDisplay
;MyProject.c,433 :: 		SSD1306_GotoXY(1, 1);    // move cursor to column 1, row 1
0x01A9	0x3001      	MOVLW      1
0x01AA	0x00A7      	MOVWF      FARG_SSD1306_GotoXY_x
0x01AB	0x3001      	MOVLW      1
0x01AC	0x00A8      	MOVWF      FARG_SSD1306_GotoXY_y
0x01AD	0x20C3      	CALL       _SSD1306_GotoXY
;MyProject.c,434 :: 		delay_ms(5000);   // wait 5 seconds
0x01AE	0x301A      	MOVLW      26
0x01AF	0x00DB      	MOVWF      R11
0x01B0	0x305E      	MOVLW      94
0x01B1	0x00DC      	MOVWF      R12
0x01B2	0x306E      	MOVLW      110
0x01B3	0x00DD      	MOVWF      R13
L_main27:
0x01B4	0x0BDD      	DECFSZ     R13, 1
0x01B5	0x29B4      	GOTO       L_main27
0x01B6	0x0BDC      	DECFSZ     R12, 1
0x01B7	0x29B4      	GOTO       L_main27
0x01B8	0x0BDB      	DECFSZ     R11, 1
0x01B9	0x29B4      	GOTO       L_main27
0x01BA	0x0000      	NOP
;MyProject.c,436 :: 		}
L_end_main:
0x01BB	0x29BB      	GOTO       $+0
; end of _main
Symbol List:
//** Routines locations **
//ADDRESS    SIZE    PROCEDURE
//----------------------------------------------
0x0003       [2]    _Delay_1us
0x0005      [10]    __Lib_SoftI2C_PutZerosToLATSda
0x000F      [10]    __Lib_SoftI2C_PutZerosToLATScl
0x0019      [27]    _Soft_I2C_Stop
0x0034     [107]    _Soft_I2C_Write
0x009F      [16]    _Soft_I2C_Start
0x00AF      [14]    _ssd1306_command
0x00BD       [6]    _____DoICP
0x00C3      [23]    _SSD1306_GotoXY
0x00DA      [11]    _SSD1306_InvertDisplay
0x00E5     [106]    _SSD1306_Init
0x014F      [12]    _Soft_I2C_Init
0x015B      [42]    _SSD1306_ClearDisplay
0x0185      [12]    ___CC2DW
0x0191      [43]    _main
//** Variables locations ** 
//ADDRESS    SIZE    VARIABLE
//----------------------------------------------
0x0000       [1]    INDF
0x0002       [1]    PCL
0x0003       [1]    STATUS
0x0004       [1]    FSR
0x0005       [0]    Soft_I2C_Scl
0x0005       [0]    Soft_I2C_Sda
0x0005       [0]    GP1_bit
0x0005       [0]    GP0_bit
0x0005       [1]    GPIO
0x000A       [1]    PCLATH
0x000B       [1]    INTCON
0x0019       [1]    CMCON
0x0020       [1]    _x_pos
0x0021       [1]    _y_pos
0x0022       [2]    ___DoICPAddr
0x0024       [1]    __i2caddr
0x0025       [0]    __Lib_SoftI2C___StopWaiting
0x0026       [1]    __vccstate
0x0027       [2]    SSD1306_ClearDisplay_i_L0
0x0027       [1]    FARG_SSD1306_GotoXY_x
0x0027       [1]    FARG_SSD1306_Init_vccstate
0x0027       [1]    FARG_SSD1306_InvertDisplay_i
0x0028       [1]    FARG_SSD1306_GotoXY_y
0x0028       [1]    FARG_SSD1306_Init_i2caddr
0x0029       [1]    FARG_ssd1306_command_c
0x002A       [1]    ssd1306_command_control_L0
0x002B       [1]    FARG_Soft_I2C_Write_data_
0x002C       [2]    Soft_I2C_Write_temp_L0
0x002E       [2]    Soft_I2C_Write_result_L0
0x0050       [1]    R0
0x0051       [1]    R1
0x0052       [1]    R2
0x0053       [1]    R3
0x0054       [1]    R4
0x0055       [1]    R5
0x0056       [1]    R6
0x0057       [1]    R7
0x0058       [1]    R8
0x0059       [1]    R9
0x005A       [1]    R10
0x005B       [1]    R11
0x005C       [1]    R12
0x005D       [1]    R13
0x005E       [1]    R14
0x005F       [1]    R15
0x0085       [0]    Soft_I2C_Scl_Direction
0x0085       [0]    Soft_I2C_Sda_Direction
0x0085       [1]    TRISIO
